<?xml version="1.0" encoding="UTF-8"?>
<testng-results skipped="0" failed="0" ignored="0" total="1" passed="1">
  <reporter-output>
  </reporter-output>
  <suite name="Command line suite" duration-ms="15" started-at="2018-05-06T18:04:29Z" finished-at="2018-05-06T18:04:29Z">
    <groups>
    </groups>
    <test name="Command line test" duration-ms="15" started-at="2018-05-06T18:04:29Z" finished-at="2018-05-06T18:04:29Z">
      <class name="org.Itlink.selenium.selenium_automation.AppTest">
        <test-method status="PASS" signature="testApp()[pri:0, instance:testApp(org.Itlink.selenium.selenium_automation.AppTest)]" name="testApp" duration-ms="1" started-at="2018-05-06T18:04:29Z" finished-at="2018-05-06T18:04:29Z">
          <reporter-output>
          </reporter-output>
        </test-method> <!-- testApp -->
      </class> <!-- org.Itlink.selenium.selenium_automation.AppTest -->
    </test> <!-- Command line test -->
  </suite> <!-- Command line suite -->
</testng-results>
