<?xml version="1.0" encoding="UTF-8"?>
<testng-results skipped="0" failed="0" ignored="0" total="1" passed="1">
  <reporter-output>
  </reporter-output>
  <suite name="Command line suite" duration-ms="6690" started-at="2018-05-06T18:04:22Z" finished-at="2018-05-06T18:04:29Z">
    <groups>
    </groups>
    <test name="Command line test" duration-ms="6690" started-at="2018-05-06T18:04:22Z" finished-at="2018-05-06T18:04:29Z">
      <class name="org.Itlink.selenium.selenium_automation.RegisterTest">
        <test-method status="PASS" signature="testRegister()[pri:0, instance:org.Itlink.selenium.selenium_automation.RegisterTest@668bc3d5]" name="testRegister" duration-ms="6641" started-at="2018-05-06T18:04:22Z" finished-at="2018-05-06T18:04:29Z">
          <reporter-output>
          </reporter-output>
        </test-method> <!-- testRegister -->
      </class> <!-- org.Itlink.selenium.selenium_automation.RegisterTest -->
    </test> <!-- Command line test -->
  </suite> <!-- Command line suite -->
</testng-results>
