<?xml version="1.0" encoding="UTF-8"?>
<testng-results ignored="0" total="1" passed="1" failed="0" skipped="0">
  <reporter-output>
  </reporter-output>
  <suite started-at="2018-05-06T15:44:23Z" name="Default suite" finished-at="2018-05-06T15:44:30Z" duration-ms="7701">
    <groups>
    </groups>
    <test started-at="2018-05-06T15:44:23Z" name="Default test" finished-at="2018-05-06T15:44:30Z" duration-ms="7701">
      <class name="org.Itlink.selenium.selenium_automation.RegisterTest">
        <test-method signature="testRegister()[pri:0, instance:org.Itlink.selenium.selenium_automation.RegisterTest@192c3f1e]" started-at="2018-05-06T15:44:23Z" name="testRegister" finished-at="2018-05-06T15:44:30Z" duration-ms="7675" status="PASS">
          <reporter-output>
          </reporter-output>
        </test-method> <!-- testRegister -->
      </class> <!-- org.Itlink.selenium.selenium_automation.RegisterTest -->
    </test> <!-- Default test -->
  </suite> <!-- Default suite -->
</testng-results>
